(base) cluodeMacBook-Pro:tiku_rn cluo$ yarn add react-native-update
yarn add v0.15.1
[1/4] ðŸ”  Resolving packages...
warning react-navigation-stack@1.10.3: This version of React Navigation Stack is no longer supported. Please upgrade to 2.x.x. See https://reactnavigation.org/docs/4.x/upgrading-from-3.x#react-navigation-stack for instructions.
[2/4] ðŸšš  Fetching packages...
[3/4] ðŸ”—  Linking dependencies...
warning Incorrect peer dependency "eslint@^5.0.0".
warning Incorrect peer dependency "eslint@^5.0.0".
warning Incorrect peer dependency "eslint@^3.0.0 || ^4.0.0 || ^5.0.0".
warning Incorrect peer dependency "eslint@^3.17.0 || ^4 || ^5".
warning Unmet peer dependency "typescript@>=2.8.0 || >= 3.2.0-dev || >= 3.3.0-dev || >= 3.4.0-dev || >= 3.5.0-dev || >= 3.6.0-dev || >= 3.6.0-beta || >= 3.7.0-dev || >= 3.7.0-beta".
warning Incorrect peer dependency "react-native-screens@>=1.0.0 || >= 2.0.0-alpha.0 || >= 2.0.0-beta.0 || >= 2.0.0".
warning Unmet peer dependency "@react-native-community/toolbar-android@^0.1.0-rc.1".
[4/4] ðŸ“ƒ  Building fresh packages...
success Saved lockfile.
success Saved 143 new dependencies.
â”œâ”€ @react-native-community/cameraroll@1.8.1
â”œâ”€ @react-navigation/core@3.7.6
â”‚  â”œâ”€ hoist-non-react-statics@3.3.2
â”‚  â””â”€ react-is@16.13.1
â”œâ”€ @react-navigation/native@3.8.0
â”‚  â”œâ”€ hoist-non-react-statics@3.3.2
â”‚  â””â”€ react-is@16.13.1
â”œâ”€ @types/color-name@1.1.1
â”œâ”€ agent-base@4.3.0
â”œâ”€ ast-types@0.13.3
â”œâ”€ buffer-crc32@0.2.13
â”œâ”€ cliui@6.0.0
â”‚  â””â”€ string-width@4.2.0
â”œâ”€ code-push@3.1.5
â”œâ”€ combined-stream@1.0.8
â”œâ”€ component-emitter@1.3.0
â”œâ”€ cookiejar@2.1.2
â”œâ”€ data-uri-to-buffer@1.2.0
â”œâ”€ degenerator@1.0.4
â”‚  â”œâ”€ escodegen@1.14.3
â”‚  â”‚  â””â”€ esprima@4.0.1
â”‚  â””â”€ esprima@3.1.3
â”œâ”€ dom-serializer@0.2.2
â”‚  â”œâ”€ domelementtype@2.0.1
â”‚  â””â”€ entities@2.0.3
â”œâ”€ domelementtype@1.3.1
â”œâ”€ domhandler@2.4.2
â”œâ”€ domutils@1.7.0
â”œâ”€ dooboolab-welcome@1.2.0
â”œâ”€ eme-encryption-scheme-polyfill@2.0.1
â”œâ”€ entities@1.1.2
â”œâ”€ es6-promise@4.2.8
â”œâ”€ es6-promisify@5.0.0
â”œâ”€ esprima@4.0.1
â”œâ”€ eventemitter2@1.0.5
â”œâ”€ fast-safe-stringify@2.0.7
â”œâ”€ file-uri-to-path@1.0.0
â”œâ”€ form-data@3.0.0
â”œâ”€ formidable@1.2.2
â”œâ”€ ftp@0.3.10
â”‚  â”œâ”€ isarray@0.0.1
â”‚  â”œâ”€ readable-stream@1.1.14
â”‚  â””â”€ string_decoder@0.10.31
â”œâ”€ get-uri@2.0.4
â”‚  â””â”€ debug@2.6.9
â”œâ”€ glob@7.1.6
â”œâ”€ htmlparser2-without-node-native@3.9.2
â”œâ”€ http-errors@1.7.3
â”œâ”€ http-proxy-agent@2.1.0
â”‚  â””â”€ debug@3.1.0
â”œâ”€ https-proxy-agent@3.0.1
â”‚  â””â”€ debug@3.2.6
â”œâ”€ inherits@2.0.4
â”œâ”€ invariant@2.2.4
â”œâ”€ ip@1.1.5
â”œâ”€ keymirror@0.1.1
â”œâ”€ methods@1.1.2
â”œâ”€ ms@2.1.2
â”œâ”€ netmask@1.0.6
â”œâ”€ pac-proxy-agent@3.0.1
â”œâ”€ pac-resolver@3.0.0
â”œâ”€ path-to-regexp@1.8.0
â”‚  â””â”€ isarray@0.0.1
â”œâ”€ plist@3.0.1
â”œâ”€ prop-types@15.7.2
â”œâ”€ proxy-agent@3.1.1
â”‚  â”œâ”€ debug@4.2.0
â”‚  â”œâ”€ lru-cache@5.1.1
â”‚  â””â”€ yallist@3.1.1
â”œâ”€ proxy-from-env@1.1.0
â”œâ”€ qs@6.9.4
â”œâ”€ query-string@6.13.1
â”œâ”€ raw-body@2.4.1
â”‚  â””â”€ bytes@3.1.0
â”œâ”€ react-lifecycles-compat@3.0.4
â”œâ”€ react-native-code-push@6.3.0
â”‚  â”œâ”€ ansi-styles@4.2.1
â”‚  â”œâ”€ chalk@4.1.0
â”‚  â”œâ”€ cli-width@3.0.0
â”‚  â”œâ”€ color-convert@2.0.1
â”‚  â”œâ”€ color-name@1.1.4
â”‚  â”œâ”€ has-flag@4.0.0
â”‚  â”œâ”€ hoist-non-react-statics@3.3.2
â”‚  â”œâ”€ inquirer@7.3.3
â”‚  â”œâ”€ lodash@4.17.19
â”‚  â”œâ”€ react-is@16.13.1
â”‚  â”œâ”€ run-async@2.4.1
â”‚  â”œâ”€ rxjs@6.6.2
â”‚  â”œâ”€ semver@7.3.2
â”‚  â”œâ”€ string-width@4.2.0
â”‚  â””â”€ supports-color@7.1.0
â”œâ”€ react-native-device-info@5.6.3
â”œâ”€ react-native-iap@4.5.0
â”œâ”€ react-native-image-pan-zoom@2.1.12
â”œâ”€ react-native-image-zoom-viewer@2.2.27
â”œâ”€ react-native-open-share@0.1.0
â”œâ”€ react-native-safe-area-view@0.14.9
â”œâ”€ react-native-splash-screen@3.2.0
â”œâ”€ react-native-tab-view@2.15.0
â”œâ”€ react-native-update@5.6.0
â”œâ”€ react-native-vector-icons@6.7.0
â”œâ”€ react-native-video@5.0.2
â”œâ”€ react-native-webview@7.6.0
â”‚  â””â”€ escape-string-regexp@2.0.0
â”œâ”€ react-navigation-stack@1.10.3
â”œâ”€ react-navigation-tabs@2.9.0
â”‚  â”œâ”€ hoist-non-react-statics@3.3.2
â”‚  â””â”€ react-is@16.13.1
â”œâ”€ react-navigation@4.4.0
â”œâ”€ react-timer-mixin@0.13.4
â”œâ”€ readable-stream@2.3.7
â”œâ”€ recursive-fs@2.1.0
â”œâ”€ shaka-player@2.5.14
â”œâ”€ simple-plist@1.1.0
â”œâ”€ smart-buffer@4.1.0
â”œâ”€ socks-proxy-agent@4.0.2
â”‚  â””â”€ agent-base@4.2.1
â”œâ”€ socks@2.3.3
â”œâ”€ split-on-first@1.1.0
â”œâ”€ strict-uri-encode@2.0.0
â”œâ”€ superagent-proxy@2.0.0
â”‚  â””â”€ debug@3.2.6
â”œâ”€ superagent@5.3.1
â”‚  â”œâ”€ mime@2.4.6
â”‚  â”œâ”€ readable-stream@3.6.0
â”‚  â”œâ”€ safe-buffer@5.2.1
â”‚  â”œâ”€ semver@7.3.2
â”‚  â””â”€ string_decoder@1.3.0
â”œâ”€ thunkify@2.1.2
â”œâ”€ unpipe@1.0.0
â”œâ”€ util-deprecate@1.0.2
â”œâ”€ uuid@7.0.3
â”œâ”€ wrap-ansi@6.2.0
â”‚  â”œâ”€ ansi-styles@4.2.1
â”‚  â”œâ”€ color-convert@2.0.1
â”‚  â”œâ”€ color-name@1.1.4
â”‚  â””â”€ string-width@4.2.0
â”œâ”€ xcode@3.0.1
â”œâ”€ xregexp@2.0.0
â”œâ”€ yargs-parser@18.1.3
â”œâ”€ yargs@15.4.1
â”‚  â””â”€ string-width@4.2.0
â””â”€ yazl@2.5.1
âœ¨  Done in 124.19s.

